#
# An unexpected error has occurred (11)
#
Stack:
/lib/x86_64-linux-gnu/libc.so.6(+0x46210) [0x7f395f8ef210]
/tools/Xilinx/Vivado/2020.2/lib/lnx64.o/librdi_netlist.so(HDLHIdCatalog::getNet(unsigned int) const+0) [0x7f39290bf2e0]
/tools/Xilinx/Vivado/2020.2/lib/lnx64.o/librdi_designutils.so(HDPYRouteStorageUtil::getNetProxyForInstTerm_(HDLHInstTerm const*)+0x29) [0x7f39486eec99]
/tools/Xilinx/Vivado/2020.2/lib/lnx64.o/librdi_designutils.so(HDPYRouteStorage::ppltRouteStates_checkAntenna(bool&, std::vector<HDPYNetRouting const*, std::allocator<HDPYNetRouting const*> >&, std::unordered_multimap<HDDMNode, HDLHInstTerm const*, NodeHashCfg, NodeHashCfg, std::allocator<std::pair<HDDMNode const, HDLHInstTerm const*> > >&, std::map<HDDMNode, std::pair<HDDMNode, bool>, std::less<HDDMNode>, std::allocator<std::pair<HDDMNode const, std::pair<HDDMNode, bool> > > >&, std::multimap<HDDMNode, HDLHTerminal const*, std::less<HDDMNode>, std::allocator<std::pair<HDDMNode const, HDLHTerminal const*> > >&, std::multimap<HDDMNode, bool, std::less<HDDMNode>, std::allocator<std::pair<HDDMNode const, bool> > >&, HUTPerf&, HDPYRoutedSiteCache*)+0xaf6) [0x7f39486b8516]
/tools/Xilinx/Vivado/2020.2/lib/lnx64.o/librdi_designutils.so(HDPYRouteStorage::populateRouteStates_internal(int&, int&, std::__cxx11::basic_string<char, std::char_traits<char>, std::allocator<char> >&, HDPYRoutedSiteCache*)+0x17a1) [0x7f39486bc0a1]
/tools/Xilinx/Vivado/2020.2/lib/lnx64.o/librdi_designutils.so(HDPYRouteStorage::populateRouteStates(int&, int&, std::__cxx11::basic_string<char, std::char_traits<char>, std::allocator<char> >&, HDPYRoutedSiteCache*)+0x135) [0x7f39486bc5e5]
/tools/Xilinx/Vivado/2020.2/lib/lnx64.o/librdi_designutils.so(HDPYRouteStats::HDPYRouteStats(HDPYRouteStorage*, HDPYRoutedSiteCache*)+0xbd) [0x7f39486930bd]
/tools/Xilinx/Vivado/2020.2/lib/lnx64.o/librdi_designutils.so(HDPYRouteStorage::reportRouteStatus(std::ostream&, std::vector<bool, std::allocator<bool> >, bool, int, bool, bool, bool)+0x87) [0x7f39486be7e7]
/tools/Xilinx/Vivado/2020.2/lib/lnx64.o/librdi_tcltasks.so(+0x184da0d) [0x7f395177aa0d]
/tools/Xilinx/Vivado/2020.2/lib/lnx64.o/librdi_common.so(+0x9cfb1d) [0x7f3960c2ab1d]
/tools/Xilinx/Vivado/2020.2/lib/lnx64.o/libtcl8.5.so(+0x3356f) [0x7f395afd256f]
/tools/Xilinx/Vivado/2020.2/lib/lnx64.o/libtcl8.5.so(+0x34bf8) [0x7f395afd3bf8]
/tools/Xilinx/Vivado/2020.2/lib/lnx64.o/libtcl8.5.so(Tcl_EvalEx+0x13) [0x7f395afd4163]
/tools/Xilinx/Vivado/2020.2/lib/lnx64.o/libtcl8.5.so(Tcl_FSEvalFileEx+0x1da) [0x7f395b038d2a]
/tools/Xilinx/Vivado/2020.2/lib/lnx64.o/librdi_commontasks.so(+0x1f8c0d) [0x7f3953b8fc0d]
/tools/Xilinx/Vivado/2020.2/lib/lnx64.o/librdi_common.so(+0x9cfb1d) [0x7f3960c2ab1d]
/tools/Xilinx/Vivado/2020.2/lib/lnx64.o/libtcl8.5.so(+0x3356f) [0x7f395afd256f]
/tools/Xilinx/Vivado/2020.2/lib/lnx64.o/libtcl8.5.so(Tcl_EvalObjv+0x32) [0x7f395afd26a2]
/tools/Xilinx/Vivado/2020.2/lib/lnx64.o/libtcl8.5.so(TclEvalObjEx+0x322) [0x7f395afd44c2]
/tools/Xilinx/Vivado/2020.2/lib/lnx64.o/librdi_commontasks.so(+0x23f1d9) [0x7f3953bd61d9]
/tools/Xilinx/Vivado/2020.2/lib/lnx64.o/librdi_commontasks.so(+0x240bde) [0x7f3953bd7bde]
/tools/Xilinx/Vivado/2020.2/lib/lnx64.o/librdi_common.so(+0x9cfb1d) [0x7f3960c2ab1d]
/tools/Xilinx/Vivado/2020.2/lib/lnx64.o/libtcl8.5.so(+0x3356f) [0x7f395afd256f]
/tools/Xilinx/Vivado/2020.2/lib/lnx64.o/libtcl8.5.so(Tcl_EvalObjv+0x32) [0x7f395afd26a2]
/tools/Xilinx/Vivado/2020.2/lib/lnx64.o/libtcl8.5.so(TclEvalObjEx+0x322) [0x7f395afd44c2]
/tools/Xilinx/Vivado/2020.2/lib/lnx64.o/librdi_commonmain.so(+0xad53) [0x7f3960053d53]
/tools/Xilinx/Vivado/2020.2/lib/lnx64.o/libtcl8.5.so(Tcl_Main+0x1d0) [0x7f395b03f2f0]
/tools/Xilinx/Vivado/2020.2/lib/lnx64.o/librdi_common.so(+0xa1442b) [0x7f3960c6f42b]
/lib/x86_64-linux-gnu/libpthread.so.0(+0x9609) [0x7f395f88f609]
/lib/x86_64-linux-gnu/libc.so.6(clone+0x43) [0x7f395f9cb293]
