Copyright 1986-2020 Xilinx, Inc. All Rights Reserved.
-----------------------------------------------------------------------------------------------------
| Tool Version : Vivado v.2020.2 (lin64) Build 3064766 Wed Nov 18 09:12:47 MST 2020
| Date         : Tue Aug 24 08:39:16 2021
| Host         : camilo-Aspire-E5-575G running 64-bit Ubuntu 20.04.2 LTS
| Command      : report_utilization -hierarchical -file nexys4ddr_utilization_hierarchical_place.rpt
| Design       : nexys4ddr
| Device       : 7a100tcsg324-1
| Design State : Fully Placed
-----------------------------------------------------------------------------------------------------

Utilization Design Information

Table of Contents
-----------------
1. Utilization by Hierarchy

1. Utilization by Hierarchy
---------------------------

+------------------------+-------------------+------------+------------+---------+------+------+--------+--------+------------+
|        Instance        |       Module      | Total LUTs | Logic LUTs | LUTRAMs | SRLs |  FFs | RAMB36 | RAMB18 | DSP Blocks |
+------------------------+-------------------+------------+------------+---------+------+------+--------+--------+------------+
| nexys4ddr              |             (top) |       2557 |       2453 |     104 |    0 | 1823 |     20 |      0 |          0 |
|   (nexys4ddr)          |             (top) |        202 |        186 |      16 |    0 |  524 |     14 |      0 |          0 |
|   BloquePWM            |         BloquePWM |         30 |         30 |       0 |    0 |   32 |      0 |      0 |          0 |
|     DivisorF           |        DivFreqPWM |          5 |          5 |       0 |    0 |   14 |      0 |      0 |          0 |
|     MaquinaEstadosPWM1 | MaquinaEstadosPWM |          5 |          5 |       0 |    0 |    2 |      0 |      0 |          0 |
|     pwm1               |               PWM |         21 |         21 |       0 |    0 |   16 |      0 |      0 |          0 |
|   MP3                  |               MP3 |          0 |          0 |       0 |    0 |    1 |      0 |      0 |          0 |
|   bloqueultrasonido    | bloqueultrasonido |         51 |         51 |       0 |    0 |   79 |      0 |      0 |          0 |
|     maquinadeestados0  |  maquinadeestados |          7 |          7 |       0 |    0 |   15 |      0 |      0 |          0 |
|       divisorfrecme0   |     divisorfrecme |          5 |          5 |       0 |    0 |   13 |      0 |      0 |          0 |
|       meultrasonido0   |     meultrasonido |          2 |          2 |       0 |    0 |    2 |      0 |      0 |          0 |
|     ultrasonido0       |       ultrasonido |         44 |         44 |       0 |    0 |   64 |      0 |      0 |          0 |
|       contador0        |          contador |          8 |          8 |       0 |    0 |   10 |      0 |      0 |          0 |
|       divisor0         |           divisor |          2 |          2 |       0 |    0 |   16 |      0 |      0 |          0 |
|       divisorfrec0     |       divisorfrec |          5 |          5 |       0 |    0 |   13 |      0 |      0 |          0 |
|       divisorfrecd0    |      divisorfrecd |         15 |         15 |       0 |    0 |   12 |      0 |      0 |          0 |
|       divisorfrecgen0  |    divisorfrecgen |         12 |         12 |       0 |    0 |   11 |      0 |      0 |          0 |
|       genpulsos0       |         genpulsos |          2 |          2 |       0 |    0 |    2 |      0 |      0 |          0 |
|   modulo_ir            |         modulo_ir |         62 |         62 |       0 |    0 |   34 |      0 |      0 |          0 |
|   motores              |           motores |          0 |          0 |       0 |    0 |    4 |      0 |      0 |          0 |
|   picorv32             |          picorv32 |       2157 |       2069 |      88 |    0 | 1129 |      0 |      0 |          0 |
|     (picorv32)         |          picorv32 |       1469 |       1381 |      88 |    0 |  674 |      0 |      0 |          0 |
|     pcpi_div           | picorv32_pcpi_div |        444 |        444 |       0 |    0 |  200 |      0 |      0 |          0 |
|     pcpi_mul           | picorv32_pcpi_mul |        244 |        244 |       0 |    0 |  255 |      0 |      0 |          0 |
|   test_cam             |          test_cam |         55 |         55 |       0 |    0 |   20 |      6 |      0 |          0 |
|     (test_cam)         |          test_cam |         12 |         12 |       0 |    0 |    0 |      0 |      0 |          0 |
|     DP_RAM             |     buffer_ram_dp |          2 |          2 |       0 |    0 |    1 |      6 |      0 |          0 |
|     VGA640x480         | VGA_Driver640x480 |         41 |         41 |       0 |    0 |   19 |      0 |      0 |          0 |
|     clk25_24           |   clk24_25_nexys4 |          0 |          0 |       0 |    0 |    0 |      0 |      0 |          0 |
+------------------------+-------------------+------------+------------+---------+------+------+--------+--------+------------+
* Note: The sum of lower-level cells may be larger than their parent cells total, due to cross-hierarchy LUT combining


