Copyright 1986-2020 Xilinx, Inc. All Rights Reserved.
----------------------------------------------------------------------------------------
| Tool Version     : Vivado v.2020.2 (lin64) Build 3064766 Wed Nov 18 09:12:47 MST 2020
| Date             : Tue Aug 24 08:39:50 2021
| Host             : camilo-Aspire-E5-575G running 64-bit Ubuntu 20.04.2 LTS
| Command          : report_power -file nexys4ddr_power.rpt
| Design           : nexys4ddr
| Device           : xc7a100tcsg324-1
| Design State     : routed
| Grade            : commercial
| Process          : typical
| Characterization : Production
----------------------------------------------------------------------------------------

Power Report

Table of Contents
-----------------
1. Summary
1.1 On-Chip Components
1.2 Power Supply Summary
1.3 Confidence Level
2. Settings
2.1 Environment
2.2 Clock Constraints
3. Detailed Reports
3.1 By Hierarchy

1. Summary
----------

+--------------------------+----------------------------------+
| Total On-Chip Power (W)  | 40.446 (Junction temp exceeded!) |
| Design Power Budget (W)  | Unspecified*                     |
| Power Budget Margin (W)  | NA                               |
| Dynamic (W)              | 39.637                           |
| Device Static (W)        | 0.809                            |
| Effective TJA (C/W)      | 4.6                              |
| Max Ambient (C)          | 0.0                              |
| Junction Temperature (C) | 125.0                            |
| Confidence Level         | Low                              |
| Setting File             | ---                              |
| Simulation Activity File | ---                              |
| Design Nets Matched      | NA                               |
+--------------------------+----------------------------------+
* Specify Design Power Budget using, set_operating_conditions -design_power_budget <value in Watts>


1.1 On-Chip Components
----------------------

+--------------------------+-----------+----------+-----------+-----------------+
| On-Chip                  | Power (W) | Used     | Available | Utilization (%) |
+--------------------------+-----------+----------+-----------+-----------------+
| Slice Logic              |     4.943 |     5011 |       --- |             --- |
|   LUT as Logic           |     3.718 |     2453 |     63400 |            3.87 |
|   CARRY4                 |     0.679 |      210 |     15850 |            1.32 |
|   LUT as Distributed RAM |     0.271 |      104 |     19000 |            0.55 |
|   Register               |     0.240 |     1823 |    126800 |            1.44 |
|   BUFG                   |     0.035 |        6 |        32 |           18.75 |
|   Others                 |     0.000 |       40 |       --- |             --- |
| Signals                  |     5.277 |     3736 |       --- |             --- |
| Block RAM                |     2.210 |       20 |       135 |           14.81 |
| MMCM                     |     4.108 |        1 |         6 |           16.67 |
| I/O                      |    23.098 |       44 |       210 |           20.95 |
| Static Power             |     0.809 |          |           |                 |
| Total                    |    40.446 |          |           |                 |
+--------------------------+-----------+----------+-----------+-----------------+


1.2 Power Supply Summary
------------------------

+-----------+-------------+-----------+-------------+------------+-------------+-------------+------------+
| Source    | Voltage (V) | Total (A) | Dynamic (A) | Static (A) | Powerup (A) | Budget (A)  | Margin (A) |
+-----------+-------------+-----------+-------------+------------+-------------+-------------+------------+
| Vccint    |       1.000 |    12.880 |      12.311 |      0.569 |       NA    | Unspecified | NA         |
| Vccaux    |       1.800 |     3.199 |       3.106 |      0.093 |       NA    | Unspecified | NA         |
| Vcco33    |       3.300 |     6.535 |       6.531 |      0.004 |       NA    | Unspecified | NA         |
| Vcco25    |       2.500 |     0.000 |       0.000 |      0.000 |       NA    | Unspecified | NA         |
| Vcco18    |       1.800 |     0.000 |       0.000 |      0.000 |       NA    | Unspecified | NA         |
| Vcco15    |       1.500 |     0.000 |       0.000 |      0.000 |       NA    | Unspecified | NA         |
| Vcco135   |       1.350 |     0.000 |       0.000 |      0.000 |       NA    | Unspecified | NA         |
| Vcco12    |       1.200 |     0.000 |       0.000 |      0.000 |       NA    | Unspecified | NA         |
| Vccaux_io |       1.800 |     0.000 |       0.000 |      0.000 |       NA    | Unspecified | NA         |
| Vccbram   |       1.000 |     0.206 |       0.182 |      0.024 |       NA    | Unspecified | NA         |
| MGTAVcc   |       1.000 |     0.000 |       0.000 |      0.000 |       NA    | Unspecified | NA         |
| MGTAVtt   |       1.200 |     0.000 |       0.000 |      0.000 |       NA    | Unspecified | NA         |
| Vccadc    |       1.800 |     0.020 |       0.000 |      0.020 |       NA    | Unspecified | NA         |
+-----------+-------------+-----------+-------------+------------+-------------+-------------+------------+


1.3 Confidence Level
--------------------

+-----------------------------+------------+--------------------------------------------------------+--------------------------------------------------------------------------------------------------------------------+
| User Input Data             | Confidence | Details                                                | Action                                                                                                             |
+-----------------------------+------------+--------------------------------------------------------+--------------------------------------------------------------------------------------------------------------------+
| Design implementation state | High       | Design is routed                                       |                                                                                                                    |
| Clock nodes activity        | Low        | User specified less than 75% of clocks                 | Provide missing clock activity with a constraint file, simulation results or by editing the "By Clock Domain" view |
| I/O nodes activity          | Low        | More than 75% of inputs are missing user specification | Provide missing input activity with simulation results or by editing the "By Resource Type -> I/Os" view           |
| Internal nodes activity     | Medium     | User specified less than 25% of internal nodes         | Provide missing internal nodes activity with simulation results or by editing the "By Resource Type" views         |
| Device models               | High       | Device models are Production                           |                                                                                                                    |
|                             |            |                                                        |                                                                                                                    |
| Overall confidence level    | Low        |                                                        |                                                                                                                    |
+-----------------------------+------------+--------------------------------------------------------+--------------------------------------------------------------------------------------------------------------------+


2. Settings
-----------

2.1 Environment
---------------

+-----------------------+--------------------------+
| Ambient Temp (C)      | 25.0                     |
| ThetaJA (C/W)         | 4.6                      |
| Airflow (LFM)         | 250                      |
| Heat Sink             | medium (Medium Profile)  |
| ThetaSA (C/W)         | 4.6                      |
| Board Selection       | medium (10"x10")         |
| # of Board Layers     | 12to15 (12 to 15 Layers) |
| Board Temperature (C) | 25.0                     |
+-----------------------+--------------------------+


2.2 Clock Constraints
---------------------

+-------+--------+-----------------+
| Clock | Domain | Constraint (ns) |
+-------+--------+-----------------+


3. Detailed Reports
-------------------

3.1 By Hierarchy
----------------

+-------------------------------+-----------+
| Name                          | Power (W) |
+-------------------------------+-----------+
| nexys4ddr                     |    39.637 |
|   BloquePWM                   |     0.102 |
|     DivisorF                  |     0.102 |
|   bloqueultrasonido           |     0.681 |
|     maquinadeestados0         |     0.110 |
|       divisorfrecme0          |     0.110 |
|     ultrasonido0              |     0.571 |
|       contador0               |     0.125 |
|       divisorfrec0            |     0.097 |
|       divisorfrecd0           |     0.193 |
|       divisorfrecgen0         |     0.156 |
|   modulo_ir                   |     0.288 |
|   picorv32                    |     6.583 |
|     cpuregs_reg_r1_0_63_0_2   |     0.017 |
|     cpuregs_reg_r1_0_63_12_14 |     0.021 |
|     cpuregs_reg_r1_0_63_15_17 |     0.019 |
|     cpuregs_reg_r1_0_63_18_20 |     0.021 |
|     cpuregs_reg_r1_0_63_21_23 |     0.019 |
|     cpuregs_reg_r1_0_63_24_26 |     0.023 |
|     cpuregs_reg_r1_0_63_27_29 |     0.022 |
|     cpuregs_reg_r1_0_63_30_30 |     0.011 |
|     cpuregs_reg_r1_0_63_31_31 |     0.008 |
|     cpuregs_reg_r1_0_63_3_5   |     0.024 |
|     cpuregs_reg_r1_0_63_6_8   |     0.020 |
|     cpuregs_reg_r1_0_63_9_11  |     0.020 |
|     cpuregs_reg_r2_0_63_0_2   |     0.031 |
|     cpuregs_reg_r2_0_63_12_14 |     0.036 |
|     cpuregs_reg_r2_0_63_15_17 |     0.035 |
|     cpuregs_reg_r2_0_63_18_20 |     0.039 |
|     cpuregs_reg_r2_0_63_21_23 |     0.036 |
|     cpuregs_reg_r2_0_63_24_26 |     0.031 |
|     cpuregs_reg_r2_0_63_27_29 |     0.034 |
|     cpuregs_reg_r2_0_63_30_30 |     0.013 |
|     cpuregs_reg_r2_0_63_31_31 |     0.009 |
|     cpuregs_reg_r2_0_63_3_5   |     0.034 |
|     cpuregs_reg_r2_0_63_6_8   |     0.039 |
|     cpuregs_reg_r2_0_63_9_11  |     0.038 |
|     pcpi_div                  |     0.918 |
|     pcpi_mul                  |     0.253 |
|   test_cam                    |     4.960 |
|     DP_RAM                    |     0.591 |
|     VGA640x480                |     0.202 |
|     clk25_24                  |     4.163 |
+-------------------------------+-----------+


