#-----------------------------------------------------------
# Vivado v2020.2 (64-bit)
# SW Build 3064766 on Wed Nov 18 09:12:47 MST 2020
# IP Build 3064653 on Wed Nov 18 14:17:31 MST 2020
# Start of session at: Tue Aug 24 08:33:34 2021
# Process ID: 24088
# Current directory: /home/camilo/Escritorio/Proyecto_Definitivo/Proyecto_Dig2Fine/SoC_project_includeVerilog/build/nexys4ddr/gateware
# Command line: vivado -mode batch -source nexys4ddr.tcl
# Log file: /home/camilo/Escritorio/Proyecto_Definitivo/Proyecto_Dig2Fine/SoC_project_includeVerilog/build/nexys4ddr/gateware/vivado.log
# Journal file: /home/camilo/Escritorio/Proyecto_Definitivo/Proyecto_Dig2Fine/SoC_project_includeVerilog/build/nexys4ddr/gateware/vivado.jou
#-----------------------------------------------------------
source nexys4ddr.tcl
# create_project -force -name nexys4ddr -part xc7a100t-CSG324-1
# set_msg_config -id {Common 17-55} -new_severity {Warning}
# read_verilog {/home/camilo/Escritorio/Proyecto_Definitivo/Proyecto_Dig2Fine/SoC_project_includeVerilog/module/verilog/Servomotor/BloquePWM.v}
# read_verilog {/home/camilo/Escritorio/Proyecto_Definitivo/Proyecto_Dig2Fine/SoC_project_includeVerilog/module/verilog/Servomotor/PWM.v}
# read_verilog {/home/camilo/Escritorio/Proyecto_Definitivo/Proyecto_Dig2Fine/SoC_project_includeVerilog/module/verilog/Servomotor/MaquinaEstadosPWM.v}
# read_verilog {/home/camilo/Escritorio/Proyecto_Definitivo/Proyecto_Dig2Fine/SoC_project_includeVerilog/module/verilog/Servomotor/DivFreqPWM.v}
# read_verilog {/home/camilo/Escritorio/Proyecto_Definitivo/Proyecto_Dig2Fine/SoC_project_includeVerilog/module/verilog/UltraSonido/Ultrasonido/bloqueultrasonido.v}
# read_verilog {/home/camilo/Escritorio/Proyecto_Definitivo/Proyecto_Dig2Fine/SoC_project_includeVerilog/module/verilog/UltraSonido/Ultrasonido/contador.v}
# read_verilog {/home/camilo/Escritorio/Proyecto_Definitivo/Proyecto_Dig2Fine/SoC_project_includeVerilog/module/verilog/UltraSonido/Ultrasonido/divisor.v}
# read_verilog {/home/camilo/Escritorio/Proyecto_Definitivo/Proyecto_Dig2Fine/SoC_project_includeVerilog/module/verilog/UltraSonido/Ultrasonido/divisorfrec.v}
# read_verilog {/home/camilo/Escritorio/Proyecto_Definitivo/Proyecto_Dig2Fine/SoC_project_includeVerilog/module/verilog/UltraSonido/Ultrasonido/divisorfrecd.v}
# read_verilog {/home/camilo/Escritorio/Proyecto_Definitivo/Proyecto_Dig2Fine/SoC_project_includeVerilog/module/verilog/UltraSonido/Ultrasonido/divisorfrecgen.v}
# read_verilog {/home/camilo/Escritorio/Proyecto_Definitivo/Proyecto_Dig2Fine/SoC_project_includeVerilog/module/verilog/UltraSonido/Ultrasonido/divisorfrecme.v}
# read_verilog {/home/camilo/Escritorio/Proyecto_Definitivo/Proyecto_Dig2Fine/SoC_project_includeVerilog/module/verilog/UltraSonido/Ultrasonido/genpulsos.v}
# read_verilog {/home/camilo/Escritorio/Proyecto_Definitivo/Proyecto_Dig2Fine/SoC_project_includeVerilog/module/verilog/UltraSonido/Ultrasonido/maquinadeestados.v}
# read_verilog {/home/camilo/Escritorio/Proyecto_Definitivo/Proyecto_Dig2Fine/SoC_project_includeVerilog/module/verilog/UltraSonido/Ultrasonido/meultrasonido.v}
# read_verilog {/home/camilo/Escritorio/Proyecto_Definitivo/Proyecto_Dig2Fine/SoC_project_includeVerilog/module/verilog/UltraSonido/Ultrasonido/ultrasonido.v}
# read_verilog {/home/camilo/Escritorio/Proyecto_Definitivo/Proyecto_Dig2Fine/SoC_project_includeVerilog/module/verilog/Camara/test_cam.v}
# read_verilog {/home/camilo/Escritorio/Proyecto_Definitivo/Proyecto_Dig2Fine/SoC_project_includeVerilog/module/verilog/Camara/cam_read.v}
# read_verilog {/home/camilo/Escritorio/Proyecto_Definitivo/Proyecto_Dig2Fine/SoC_project_includeVerilog/module/verilog/Camara/buffer_ram_dp.v}
# read_verilog {/home/camilo/Escritorio/Proyecto_Definitivo/Proyecto_Dig2Fine/SoC_project_includeVerilog/module/verilog/Camara/clk24_25_nexys4.v}
# read_verilog {/home/camilo/Escritorio/Proyecto_Definitivo/Proyecto_Dig2Fine/SoC_project_includeVerilog/module/verilog/Camara/clk_32MHZ_to_25M_24M.v}
# read_verilog {/home/camilo/Escritorio/Proyecto_Definitivo/Proyecto_Dig2Fine/SoC_project_includeVerilog/module/verilog/Camara/clk_nexys2.v}
# read_verilog {/home/camilo/Escritorio/Proyecto_Definitivo/Proyecto_Dig2Fine/SoC_project_includeVerilog/module/verilog/Camara/VGA_driver.v}
# read_verilog {/home/camilo/Escritorio/Proyecto_Definitivo/Proyecto_Dig2Fine/SoC_project_includeVerilog/module/verilog/Infrarrojo/modulo_ir.v}
# read_verilog {/home/camilo/Escritorio/Proyecto_Definitivo/Proyecto_Dig2Fine/SoC_project_includeVerilog/module/verilog/MP3/MP3.v}
# read_verilog {/home/camilo/Escritorio/Proyecto_Definitivo/Proyecto_Dig2Fine/SoC_project_includeVerilog/module/verilog/Motor/motores.v}
# read_verilog {/home/camilo/install_litex/pythondata-cpu-picorv32/pythondata_cpu_picorv32/verilog/picorv32.v}
# read_verilog {/home/camilo/Escritorio/Proyecto_Definitivo/Proyecto_Dig2Fine/SoC_project_includeVerilog/build/nexys4ddr/gateware/nexys4ddr.v}
# read_xdc nexys4ddr.xdc
# set_property PROCESSING_ORDER EARLY [get_files nexys4ddr.xdc]
# synth_design -directive default -top nexys4ddr -part xc7a100t-CSG324-1
Command: synth_design -directive default -top nexys4ddr -part xc7a100t-CSG324-1
Starting synth_design
Attempting to get a license for feature 'Synthesis' and/or device 'xc7a100t'
INFO: [Common 17-349] Got license for feature 'Synthesis' and/or device 'xc7a100t'
INFO: [Device 21-403] Loading part xc7a100tcsg324-1
INFO: [Synth 8-7079] Multithreading enabled for synth_design using a maximum of 4 processes.
INFO: [Synth 8-7078] Launching helper process for spawning children vivado processes
INFO: [Synth 8-7075] Helper process launched with PID 24138
ERROR: [Synth 8-2715] syntax error near ) [/home/camilo/Escritorio/Proyecto_Definitivo/Proyecto_Dig2Fine/SoC_project_includeVerilog/module/verilog/Camara/test_cam.v:44]
Failed to read verilog '/home/camilo/Escritorio/Proyecto_Definitivo/Proyecto_Dig2Fine/SoC_project_includeVerilog/module/verilog/Camara/test_cam.v'
INFO: [Common 17-83] Releasing license: Synthesis
6 Infos, 0 Warnings, 0 Critical Warnings and 2 Errors encountered.
synth_design failed
ERROR: [Common 17-69] Command failed: Synthesis failed - please see the console or run log file for details
INFO: [Common 17-206] Exiting Vivado at Tue Aug 24 08:33:56 2021...
